This is pdfTeX, Version 3.14159265-2.6-1.40.20 (TeX Live 2019/Debian) (preloaded format=pdflatex 2025.8.1)  1 AUG 2025 10:02
entering extended mode
 restricted \write18 enabled.
 file:line:error style messages enabled.
 %&-line parsing enabled.
**main.tex
(./main.tex
LaTeX2e <2020-02-02> patch level 2
L3 programming layer <2020-02-14>
(/usr/share/texlive/texmf-dist/tex/latex/base/book.cls
Document Class: book 2019/12/20 v1.4l Standard LaTeX document class
(/usr/share/texlive/texmf-dist/tex/latex/base/bk10.clo
File: bk10.clo 2019/12/20 v1.4l Standard LaTeX file (size option)
)
\c@part=\count167
\c@chapter=\count168
\c@section=\count169
\c@subsection=\count170
\c@subsubsection=\count171
\c@paragraph=\count172
\c@subparagraph=\count173
\c@figure=\count174
\c@table=\count175
\abovecaptionskip=\skip47
\belowcaptionskip=\skip48
\bibindent=\dimen134
)
(/usr/share/texlive/texmf-dist/tex/latex/hyperref/hyperref.sty
Package: hyperref 2020/01/14 v7.00d Hypertext links for LaTeX

(/usr/share/texlive/texmf-dist/tex/generic/ltxcmds/ltxcmds.sty
Package: ltxcmds 2019/12/15 v1.24 LaTeX kernel commands for general use (HO)
)
(/usr/share/texlive/texmf-dist/tex/generic/iftex/iftex.sty
Package: iftex 2019/11/07 v1.0c TeX engine tests
)
(/usr/share/texlive/texmf-dist/tex/latex/pdftexcmds/pdftexcmds.sty
Package: pdftexcmds 2019/11/24 v0.31 Utility functions of pdfTeX for LuaTeX (HO
)

(/usr/share/texlive/texmf-dist/tex/generic/infwarerr/infwarerr.sty
Package: infwarerr 2019/12/03 v1.5 Providing info/warning/error messages (HO)
)
Package pdftexcmds Info: \pdf@primitive is available.
Package pdftexcmds Info: \pdf@ifprimitive is available.
Package pdftexcmds Info: \pdfdraftmode found.
)
(/usr/share/texlive/texmf-dist/tex/latex/graphics/keyval.sty
Package: keyval 2014/10/28 v1.15 key=value parser (DPC)
\KV@toks@=\toks14
)
(/usr/share/texlive/texmf-dist/tex/generic/kvsetkeys/kvsetkeys.sty
Package: kvsetkeys 2019/12/15 v1.18 Key value parser (HO)
)
(/usr/share/texlive/texmf-dist/tex/generic/kvdefinekeys/kvdefinekeys.sty
Package: kvdefinekeys 2019-12-19 v1.6 Define keys (HO)
)
(/usr/share/texlive/texmf-dist/tex/generic/pdfescape/pdfescape.sty
Package: pdfescape 2019/12/09 v1.15 Implements pdfTeX's escape features (HO)
)
(/usr/share/texlive/texmf-dist/tex/latex/hycolor/hycolor.sty
Package: hycolor 2020-01-27 v1.10 Color options for hyperref/bookmark (HO)
)
(/usr/share/texlive/texmf-dist/tex/latex/letltxmacro/letltxmacro.sty
Package: letltxmacro 2019/12/03 v1.6 Let assignment for LaTeX macros (HO)
)
(/usr/share/texlive/texmf-dist/tex/latex/auxhook/auxhook.sty
Package: auxhook 2019-12-17 v1.6 Hooks for auxiliary files (HO)
)
(/usr/share/texlive/texmf-dist/tex/latex/kvoptions/kvoptions.sty
Package: kvoptions 2019/11/29 v3.13 Key value format for package options (HO)
)
\@linkdim=\dimen135
\Hy@linkcounter=\count176
\Hy@pagecounter=\count177

(/usr/share/texlive/texmf-dist/tex/latex/hyperref/pd1enc.def
File: pd1enc.def 2020/01/14 v7.00d Hyperref: PDFDocEncoding definition (HO)
Now handling font encoding PD1 ...
... no UTF-8 mapping file for font encoding PD1
)
(/usr/share/texlive/texmf-dist/tex/generic/intcalc/intcalc.sty
Package: intcalc 2019/12/15 v1.3 Expandable calculations with integers (HO)
)
(/usr/share/texlive/texmf-dist/tex/generic/etexcmds/etexcmds.sty
Package: etexcmds 2019/12/15 v1.7 Avoid name clashes with e-TeX commands (HO)
)
\Hy@SavedSpaceFactor=\count178
\pdfmajorversion=\count179
Package hyperref Info: Hyper figures OFF on input line 4547.
Package hyperref Info: Link nesting OFF on input line 4552.
Package hyperref Info: Hyper index ON on input line 4555.
Package hyperref Info: Plain pages OFF on input line 4562.
Package hyperref Info: Backreferencing OFF on input line 4567.
Package hyperref Info: Implicit mode ON; LaTeX internals redefined.
Package hyperref Info: Bookmarks ON on input line 4800.
\c@Hy@tempcnt=\count180

(/usr/share/texlive/texmf-dist/tex/latex/url/url.sty
\Urlmuskip=\muskip16
Package: url 2013/09/16  ver 3.4  Verb mode for urls, etc.
)
LaTeX Info: Redefining \url on input line 5159.
\XeTeXLinkMargin=\dimen136

(/usr/share/texlive/texmf-dist/tex/generic/bitset/bitset.sty
Package: bitset 2019/12/09 v1.3 Handle bit-vector datatype (HO)

(/usr/share/texlive/texmf-dist/tex/generic/bigintcalc/bigintcalc.sty
Package: bigintcalc 2019/12/15 v1.5 Expandable calculations on big integers (HO
)
))
\Fld@menulength=\count181
\Field@Width=\dimen137
\Fld@charsize=\dimen138
Package hyperref Info: Hyper figures OFF on input line 6430.
Package hyperref Info: Link nesting OFF on input line 6435.
Package hyperref Info: Hyper index ON on input line 6438.
Package hyperref Info: backreferencing OFF on input line 6445.
Package hyperref Info: Link coloring OFF on input line 6450.
Package hyperref Info: Link coloring with OCG OFF on input line 6455.
Package hyperref Info: PDF/A mode OFF on input line 6460.
LaTeX Info: Redefining \ref on input line 6500.
LaTeX Info: Redefining \pageref on input line 6504.

(/usr/share/texlive/texmf-dist/tex/generic/atbegshi/atbegshi.sty
Package: atbegshi 2019/12/05 v1.19 At begin shipout hook (HO)
)
\Hy@abspage=\count182
\c@Item=\count183
\c@Hfootnote=\count184
)
Package hyperref Info: Driver (autodetected): hpdftex.

(/usr/share/texlive/texmf-dist/tex/latex/hyperref/hpdftex.def
File: hpdftex.def 2020/01/14 v7.00d Hyperref driver for pdfTeX

(/usr/share/texlive/texmf-dist/tex/latex/atveryend/atveryend.sty
Package: atveryend 2019-12-11 v1.11 Hooks at the very end of document (HO)
Package atveryend Info: \enddocument detected (standard20110627).
)
\Fld@listcount=\count185
\c@bookmark@seq@number=\count186

(/usr/share/texlive/texmf-dist/tex/latex/rerunfilecheck/rerunfilecheck.sty
Package: rerunfilecheck 2019/12/05 v1.9 Rerun checks for auxiliary files (HO)

(/usr/share/texlive/texmf-dist/tex/generic/uniquecounter/uniquecounter.sty
Package: uniquecounter 2019/12/15 v1.4 Provide unlimited unique counter (HO)
)
Package uniquecounter Info: New unique counter `rerunfilecheck' on input line 2
86.
)
\Hy@SectionHShift=\skip49
)
(/usr/share/texlive/texmf-dist/tex/latex/titlesec/titlesec.sty
Package: titlesec 2019/10/16 v2.13 Sectioning titles
\ttl@box=\box45
\beforetitleunit=\skip50
\aftertitleunit=\skip51
\ttl@plus=\dimen139
\ttl@minus=\dimen140
\ttl@toksa=\toks15
\titlewidth=\dimen141
\titlewidthlast=\dimen142
\titlewidthfirst=\dimen143
)
(/usr/share/texlive/texmf-dist/tex/latex/xcolor/xcolor.sty
Package: xcolor 2016/05/11 v2.12 LaTeX color extensions (UK)

(/usr/share/texlive/texmf-dist/tex/latex/graphics-cfg/color.cfg
File: color.cfg 2016/01/02 v1.6 sample color configuration
)
Package xcolor Info: Driver file: pdftex.def on input line 225.

(/usr/share/texlive/texmf-dist/tex/latex/graphics-def/pdftex.def
File: pdftex.def 2018/01/08 v1.0l Graphics/color driver for pdftex
)
(/usr/share/texlive/texmf-dist/tex/latex/colortbl/colortbl.sty
Package: colortbl 2020/01/04 v1.0e Color table columns (DPC)

(/usr/share/texlive/texmf-dist/tex/latex/tools/array.sty
Package: array 2019/08/31 v2.4l Tabular extension package (FMi)
\col@sep=\dimen144
\ar@mcellbox=\box46
\extrarowheight=\dimen145
\NC@list=\toks16
\extratabsurround=\skip52
\backup@length=\skip53
\ar@cellbox=\box47
)
\everycr=\toks17
\minrowclearance=\skip54
)
\rownum=\count187
Package xcolor Info: Model `cmy' substituted by `cmy0' on input line 1348.
Package xcolor Info: Model `hsb' substituted by `rgb' on input line 1352.
Package xcolor Info: Model `RGB' extended on input line 1364.
Package xcolor Info: Model `HTML' substituted by `rgb' on input line 1366.
Package xcolor Info: Model `Hsb' substituted by `hsb' on input line 1367.
Package xcolor Info: Model `tHsb' substituted by `hsb' on input line 1368.
Package xcolor Info: Model `HSB' substituted by `hsb' on input line 1369.
Package xcolor Info: Model `Gray' substituted by `gray' on input line 1370.
Package xcolor Info: Model `wave' substituted by `hsb' on input line 1371.
)
(/usr/share/texlive/texmf-dist/tex/latex/amsmath/amsmath.sty
Package: amsmath 2020/01/20 v2.17e AMS math features
\@mathmargin=\skip55

For additional information on amsmath, use the `?' option.
(/usr/share/texlive/texmf-dist/tex/latex/amsmath/amstext.sty
Package: amstext 2000/06/29 v2.01 AMS text

(/usr/share/texlive/texmf-dist/tex/latex/amsmath/amsgen.sty
File: amsgen.sty 1999/11/30 v2.0 generic functions
\@emptytoks=\toks18
\ex@=\dimen146
))
(/usr/share/texlive/texmf-dist/tex/latex/amsmath/amsbsy.sty
Package: amsbsy 1999/11/29 v1.2d Bold Symbols
\pmbraise@=\dimen147
)
(/usr/share/texlive/texmf-dist/tex/latex/amsmath/amsopn.sty
Package: amsopn 2016/03/08 v2.02 operator names
)
\inf@bad=\count188
LaTeX Info: Redefining \frac on input line 227.
\uproot@=\count189
\leftroot@=\count190
LaTeX Info: Redefining \overline on input line 389.
\classnum@=\count191
\DOTSCASE@=\count192
LaTeX Info: Redefining \ldots on input line 486.
LaTeX Info: Redefining \dots on input line 489.
LaTeX Info: Redefining \cdots on input line 610.
\Mathstrutbox@=\box48
\strutbox@=\box49
\big@size=\dimen148
LaTeX Font Info:    Redeclaring font encoding OML on input line 733.
LaTeX Font Info:    Redeclaring font encoding OMS on input line 734.
\macc@depth=\count193
\c@MaxMatrixCols=\count194
\dotsspace@=\muskip17
\c@parentequation=\count195
\dspbrk@lvl=\count196
\tag@help=\toks19
\row@=\count197
\column@=\count198
\maxfields@=\count199
\andhelp@=\toks20
\eqnshift@=\dimen149
\alignsep@=\dimen150
\tagshift@=\dimen151
\tagwidth@=\dimen152
\totwidth@=\dimen153
\lineht@=\dimen154
\@envbody=\toks21
\multlinegap=\skip56
\multlinetaggap=\skip57
\mathdisplay@stack=\toks22
LaTeX Info: Redefining \[ on input line 2859.
LaTeX Info: Redefining \] on input line 2860.
)
(/usr/share/texlive/texmf-dist/tex/latex/todonotes/todonotes.sty
Package: todonotes 2019/01/24 v1.1.2 Todonotes source and documentation.
Package: todonotes 2018/11/22

(/usr/share/texlive/texmf-dist/tex/latex/base/ifthen.sty
Package: ifthen 2014/09/29 v1.1c Standard LaTeX ifthen package (DPC)
)
(/usr/share/texlive/texmf-dist/tex/latex/xkeyval/xkeyval.sty
Package: xkeyval 2014/12/03 v2.7a package option processing (HA)

(/usr/share/texlive/texmf-dist/tex/generic/xkeyval/xkeyval.tex
(/usr/share/texlive/texmf-dist/tex/generic/xkeyval/xkvutils.tex
\XKV@toks=\toks23
\XKV@tempa@toks=\toks24
)
\XKV@depth=\count266
File: xkeyval.tex 2014/12/03 v2.7a key=value parser (HA)
))
(/usr/share/texlive/texmf-dist/tex/latex/pgf/frontendlayer/tikz.sty
(/usr/share/texlive/texmf-dist/tex/latex/pgf/basiclayer/pgf.sty
(/usr/share/texlive/texmf-dist/tex/latex/pgf/utilities/pgfrcs.sty
(/usr/share/texlive/texmf-dist/tex/generic/pgf/utilities/pgfutil-common.tex
\pgfutil@everybye=\toks25
\pgfutil@tempdima=\dimen155
\pgfutil@tempdimb=\dimen156

(/usr/share/texlive/texmf-dist/tex/generic/pgf/utilities/pgfutil-common-lists.t
ex)) (/usr/share/texlive/texmf-dist/tex/generic/pgf/utilities/pgfutil-latex.def
\pgfutil@abb=\box50
(/usr/share/texlive/texmf-dist/tex/latex/ms/everyshi.sty
Package: everyshi 2001/05/15 v3.00 EveryShipout Package (MS)
))
(/usr/share/texlive/texmf-dist/tex/generic/pgf/utilities/pgfrcs.code.tex
(/usr/share/texlive/texmf-dist/tex/generic/pgf/pgf.revision.tex)
Package: pgfrcs 2020/01/08 v3.1.5b (3.1.5b)
))
Package: pgf 2020/01/08 v3.1.5b (3.1.5b)

(/usr/share/texlive/texmf-dist/tex/latex/pgf/basiclayer/pgfcore.sty
(/usr/share/texlive/texmf-dist/tex/latex/graphics/graphicx.sty
Package: graphicx 2019/11/30 v1.2a Enhanced LaTeX Graphics (DPC,SPQR)

(/usr/share/texlive/texmf-dist/tex/latex/graphics/graphics.sty
Package: graphics 2019/11/30 v1.4a Standard LaTeX Graphics (DPC,SPQR)

(/usr/share/texlive/texmf-dist/tex/latex/graphics/trig.sty
Package: trig 2016/01/03 v1.10 sin cos tan (DPC)
)
(/usr/share/texlive/texmf-dist/tex/latex/graphics-cfg/graphics.cfg
File: graphics.cfg 2016/06/04 v1.11 sample graphics configuration
)
Package graphics Info: Driver file: pdftex.def on input line 105.
)
\Gin@req@height=\dimen157
\Gin@req@width=\dimen158
)
(/usr/share/texlive/texmf-dist/tex/latex/pgf/systemlayer/pgfsys.sty
(/usr/share/texlive/texmf-dist/tex/generic/pgf/systemlayer/pgfsys.code.tex
Package: pgfsys 2020/01/08 v3.1.5b (3.1.5b)

(/usr/share/texlive/texmf-dist/tex/generic/pgf/utilities/pgfkeys.code.tex
\pgfkeys@pathtoks=\toks26
\pgfkeys@temptoks=\toks27

(/usr/share/texlive/texmf-dist/tex/generic/pgf/utilities/pgfkeysfiltered.code.t
ex
\pgfkeys@tmptoks=\toks28
))
\pgf@x=\dimen159
\pgf@y=\dimen160
\pgf@xa=\dimen161
\pgf@ya=\dimen162
\pgf@xb=\dimen163
\pgf@yb=\dimen164
\pgf@xc=\dimen165
\pgf@yc=\dimen166
\pgf@xd=\dimen167
\pgf@yd=\dimen168
\w@pgf@writea=\write3
\r@pgf@reada=\read2
\c@pgf@counta=\count267
\c@pgf@countb=\count268
\c@pgf@countc=\count269
\c@pgf@countd=\count270
\t@pgf@toka=\toks29
\t@pgf@tokb=\toks30
\t@pgf@tokc=\toks31
\pgf@sys@id@count=\count271
 (/usr/share/texlive/texmf-dist/tex/generic/pgf/systemlayer/pgf.cfg
File: pgf.cfg 2020/01/08 v3.1.5b (3.1.5b)
)
Driver file for pgf: pgfsys-pdftex.def

(/usr/share/texlive/texmf-dist/tex/generic/pgf/systemlayer/pgfsys-pdftex.def
File: pgfsys-pdftex.def 2020/01/08 v3.1.5b (3.1.5b)

(/usr/share/texlive/texmf-dist/tex/generic/pgf/systemlayer/pgfsys-common-pdf.de
f
File: pgfsys-common-pdf.def 2020/01/08 v3.1.5b (3.1.5b)
)))
(/usr/share/texlive/texmf-dist/tex/generic/pgf/systemlayer/pgfsyssoftpath.code.
tex
File: pgfsyssoftpath.code.tex 2020/01/08 v3.1.5b (3.1.5b)
\pgfsyssoftpath@smallbuffer@items=\count272
\pgfsyssoftpath@bigbuffer@items=\count273
)
(/usr/share/texlive/texmf-dist/tex/generic/pgf/systemlayer/pgfsysprotocol.code.
tex
File: pgfsysprotocol.code.tex 2020/01/08 v3.1.5b (3.1.5b)
))
(/usr/share/texlive/texmf-dist/tex/generic/pgf/basiclayer/pgfcore.code.tex
Package: pgfcore 2020/01/08 v3.1.5b (3.1.5b)

(/usr/share/texlive/texmf-dist/tex/generic/pgf/math/pgfmath.code.tex
(/usr/share/texlive/texmf-dist/tex/generic/pgf/math/pgfmathcalc.code.tex
(/usr/share/texlive/texmf-dist/tex/generic/pgf/math/pgfmathutil.code.tex)
(/usr/share/texlive/texmf-dist/tex/generic/pgf/math/pgfmathparser.code.tex
\pgfmath@dimen=\dimen169
\pgfmath@count=\count274
\pgfmath@box=\box51
\pgfmath@toks=\toks32
\pgfmath@stack@operand=\toks33
\pgfmath@stack@operation=\toks34
)
(/usr/share/texlive/texmf-dist/tex/generic/pgf/math/pgfmathfunctions.code.tex
(/usr/share/texlive/texmf-dist/tex/generic/pgf/math/pgfmathfunctions.basic.code
.tex)
(/usr/share/texlive/texmf-dist/tex/generic/pgf/math/pgfmathfunctions.trigonomet
ric.code.tex)
(/usr/share/texlive/texmf-dist/tex/generic/pgf/math/pgfmathfunctions.random.cod
e.tex)
(/usr/share/texlive/texmf-dist/tex/generic/pgf/math/pgfmathfunctions.comparison
.code.tex)
(/usr/share/texlive/texmf-dist/tex/generic/pgf/math/pgfmathfunctions.base.code.
tex)
(/usr/share/texlive/texmf-dist/tex/generic/pgf/math/pgfmathfunctions.round.code
.tex)
(/usr/share/texlive/texmf-dist/tex/generic/pgf/math/pgfmathfunctions.misc.code.
tex)
(/usr/share/texlive/texmf-dist/tex/generic/pgf/math/pgfmathfunctions.integerari
thmetics.code.tex)))
(/usr/share/texlive/texmf-dist/tex/generic/pgf/math/pgfmathfloat.code.tex
\c@pgfmathroundto@lastzeros=\count275
))
(/usr/share/texlive/texmf-dist/tex/generic/pgf/math/pgfint.code.tex)
(/usr/share/texlive/texmf-dist/tex/generic/pgf/basiclayer/pgfcorepoints.code.te
x
File: pgfcorepoints.code.tex 2020/01/08 v3.1.5b (3.1.5b)
\pgf@picminx=\dimen170
\pgf@picmaxx=\dimen171
\pgf@picminy=\dimen172
\pgf@picmaxy=\dimen173
\pgf@pathminx=\dimen174
\pgf@pathmaxx=\dimen175
\pgf@pathminy=\dimen176
\pgf@pathmaxy=\dimen177
\pgf@xx=\dimen178
\pgf@xy=\dimen179
\pgf@yx=\dimen180
\pgf@yy=\dimen181
\pgf@zx=\dimen182
\pgf@zy=\dimen183
)
(/usr/share/texlive/texmf-dist/tex/generic/pgf/basiclayer/pgfcorepathconstruct.
code.tex
File: pgfcorepathconstruct.code.tex 2020/01/08 v3.1.5b (3.1.5b)
\pgf@path@lastx=\dimen184
\pgf@path@lasty=\dimen185
)
(/usr/share/texlive/texmf-dist/tex/generic/pgf/basiclayer/pgfcorepathusage.code
.tex
File: pgfcorepathusage.code.tex 2020/01/08 v3.1.5b (3.1.5b)
\pgf@shorten@end@additional=\dimen186
\pgf@shorten@start@additional=\dimen187
)
(/usr/share/texlive/texmf-dist/tex/generic/pgf/basiclayer/pgfcorescopes.code.te
x
File: pgfcorescopes.code.tex 2020/01/08 v3.1.5b (3.1.5b)
\pgfpic=\box52
\pgf@hbox=\box53
\pgf@layerbox@main=\box54
\pgf@picture@serial@count=\count276
)
(/usr/share/texlive/texmf-dist/tex/generic/pgf/basiclayer/pgfcoregraphicstate.c
ode.tex
File: pgfcoregraphicstate.code.tex 2020/01/08 v3.1.5b (3.1.5b)
\pgflinewidth=\dimen188
)
(/usr/share/texlive/texmf-dist/tex/generic/pgf/basiclayer/pgfcoretransformation
s.code.tex
File: pgfcoretransformations.code.tex 2020/01/08 v3.1.5b (3.1.5b)
\pgf@pt@x=\dimen189
\pgf@pt@y=\dimen190
\pgf@pt@temp=\dimen191
)
(/usr/share/texlive/texmf-dist/tex/generic/pgf/basiclayer/pgfcorequick.code.tex
File: pgfcorequick.code.tex 2020/01/08 v3.1.5b (3.1.5b)
)
(/usr/share/texlive/texmf-dist/tex/generic/pgf/basiclayer/pgfcoreobjects.code.t
ex
File: pgfcoreobjects.code.tex 2020/01/08 v3.1.5b (3.1.5b)
)
(/usr/share/texlive/texmf-dist/tex/generic/pgf/basiclayer/pgfcorepathprocessing
.code.tex
File: pgfcorepathprocessing.code.tex 2020/01/08 v3.1.5b (3.1.5b)
)
(/usr/share/texlive/texmf-dist/tex/generic/pgf/basiclayer/pgfcorearrows.code.te
x
File: pgfcorearrows.code.tex 2020/01/08 v3.1.5b (3.1.5b)
\pgfarrowsep=\dimen192
)
(/usr/share/texlive/texmf-dist/tex/generic/pgf/basiclayer/pgfcoreshade.code.tex
File: pgfcoreshade.code.tex 2020/01/08 v3.1.5b (3.1.5b)
\pgf@max=\dimen193
\pgf@sys@shading@range@num=\count277
\pgf@shadingcount=\count278
)
(/usr/share/texlive/texmf-dist/tex/generic/pgf/basiclayer/pgfcoreimage.code.tex
File: pgfcoreimage.code.tex 2020/01/08 v3.1.5b (3.1.5b)

(/usr/share/texlive/texmf-dist/tex/generic/pgf/basiclayer/pgfcoreexternal.code.
tex
File: pgfcoreexternal.code.tex 2020/01/08 v3.1.5b (3.1.5b)
\pgfexternal@startupbox=\box55
))
(/usr/share/texlive/texmf-dist/tex/generic/pgf/basiclayer/pgfcorelayers.code.te
x
File: pgfcorelayers.code.tex 2020/01/08 v3.1.5b (3.1.5b)
)
(/usr/share/texlive/texmf-dist/tex/generic/pgf/basiclayer/pgfcoretransparency.c
ode.tex
File: pgfcoretransparency.code.tex 2020/01/08 v3.1.5b (3.1.5b)
)
(/usr/share/texlive/texmf-dist/tex/generic/pgf/basiclayer/pgfcorepatterns.code.
tex
File: pgfcorepatterns.code.tex 2020/01/08 v3.1.5b (3.1.5b)
)
(/usr/share/texlive/texmf-dist/tex/generic/pgf/basiclayer/pgfcorerdf.code.tex
File: pgfcorerdf.code.tex 2020/01/08 v3.1.5b (3.1.5b)
)))
(/usr/share/texlive/texmf-dist/tex/generic/pgf/modules/pgfmoduleshapes.code.tex
File: pgfmoduleshapes.code.tex 2020/01/08 v3.1.5b (3.1.5b)
\pgfnodeparttextbox=\box56
) (/usr/share/texlive/texmf-dist/tex/generic/pgf/modules/pgfmoduleplot.code.tex
File: pgfmoduleplot.code.tex 2020/01/08 v3.1.5b (3.1.5b)
)
(/usr/share/texlive/texmf-dist/tex/latex/pgf/compatibility/pgfcomp-version-0-65
.sty
Package: pgfcomp-version-0-65 2020/01/08 v3.1.5b (3.1.5b)
\pgf@nodesepstart=\dimen194
\pgf@nodesepend=\dimen195
)
(/usr/share/texlive/texmf-dist/tex/latex/pgf/compatibility/pgfcomp-version-1-18
.sty
Package: pgfcomp-version-1-18 2020/01/08 v3.1.5b (3.1.5b)
)) (/usr/share/texlive/texmf-dist/tex/latex/pgf/utilities/pgffor.sty
(/usr/share/texlive/texmf-dist/tex/latex/pgf/utilities/pgfkeys.sty
(/usr/share/texlive/texmf-dist/tex/generic/pgf/utilities/pgfkeys.code.tex))
(/usr/share/texlive/texmf-dist/tex/latex/pgf/math/pgfmath.sty
(/usr/share/texlive/texmf-dist/tex/generic/pgf/math/pgfmath.code.tex))
(/usr/share/texlive/texmf-dist/tex/generic/pgf/utilities/pgffor.code.tex
Package: pgffor 2020/01/08 v3.1.5b (3.1.5b)

(/usr/share/texlive/texmf-dist/tex/generic/pgf/math/pgfmath.code.tex)
\pgffor@iter=\dimen196
\pgffor@skip=\dimen197
\pgffor@stack=\toks35
\pgffor@toks=\toks36
))
(/usr/share/texlive/texmf-dist/tex/generic/pgf/frontendlayer/tikz/tikz.code.tex
Package: tikz 2020/01/08 v3.1.5b (3.1.5b)

(/usr/share/texlive/texmf-dist/tex/generic/pgf/libraries/pgflibraryplothandlers
.code.tex
File: pgflibraryplothandlers.code.tex 2020/01/08 v3.1.5b (3.1.5b)
\pgf@plot@mark@count=\count279
\pgfplotmarksize=\dimen198
)
\tikz@lastx=\dimen199
\tikz@lasty=\dimen256
\tikz@lastxsaved=\dimen257
\tikz@lastysaved=\dimen258
\tikz@lastmovetox=\dimen259
\tikz@lastmovetoy=\dimen260
\tikzleveldistance=\dimen261
\tikzsiblingdistance=\dimen262
\tikz@figbox=\box57
\tikz@figbox@bg=\box58
\tikz@tempbox=\box59
\tikz@tempbox@bg=\box60
\tikztreelevel=\count280
\tikznumberofchildren=\count281
\tikznumberofcurrentchild=\count282
\tikz@fig@count=\count283

(/usr/share/texlive/texmf-dist/tex/generic/pgf/modules/pgfmodulematrix.code.tex
File: pgfmodulematrix.code.tex 2020/01/08 v3.1.5b (3.1.5b)
\pgfmatrixcurrentrow=\count284
\pgfmatrixcurrentcolumn=\count285
\pgf@matrix@numberofcolumns=\count286
)
\tikz@expandcount=\count287

(/usr/share/texlive/texmf-dist/tex/generic/pgf/frontendlayer/tikz/libraries/tik
zlibrarytopaths.code.tex
File: tikzlibrarytopaths.code.tex 2020/01/08 v3.1.5b (3.1.5b)
)))
(/usr/share/texlive/texmf-dist/tex/generic/pgf/frontendlayer/tikz/libraries/tik
zlibrarypositioning.code.tex
File: tikzlibrarypositioning.code.tex 2020/01/08 v3.1.5b (3.1.5b)
)
(/usr/share/texlive/texmf-dist/tex/generic/pgf/frontendlayer/tikz/libraries/tik
zlibraryshadows.code.tex
File: tikzlibraryshadows.code.tex 2020/01/08 v3.1.5b (3.1.5b)

(/usr/share/texlive/texmf-dist/tex/generic/pgf/frontendlayer/tikz/libraries/tik
zlibraryfadings.code.tex
File: tikzlibraryfadings.code.tex 2020/01/08 v3.1.5b (3.1.5b)

(/usr/share/texlive/texmf-dist/tex/generic/pgf/libraries/pgflibraryfadings.code
.tex
File: pgflibraryfadings.code.tex 2020/01/08 v3.1.5b (3.1.5b)
))) (/usr/share/texlive/texmf-dist/tex/latex/tools/calc.sty
Package: calc 2017/05/25 v4.3 Infix arithmetic (KKT,FJ)
\calc@Acount=\count288
\calc@Bcount=\count289
\calc@Adimen=\dimen263
\calc@Bdimen=\dimen264
\calc@Askip=\skip58
\calc@Bskip=\skip59
LaTeX Info: Redefining \setlength on input line 80.
LaTeX Info: Redefining \addtolength on input line 81.
\calc@Ccount=\count290
\calc@Cskip=\skip60
)
\c@@todonotes@numberoftodonotes=\count291
)
(/usr/share/texlive/texmf-dist/tex/latex/tocloft/tocloft.sty
Package: tocloft 2017/08/31 v2.3i parameterised ToC, etc., typesetting
Package tocloft Info: The document has chapter divisions on input line 51.
\cftparskip=\skip61
\cftbeforetoctitleskip=\skip62
\cftaftertoctitleskip=\skip63
\cftbeforepartskip=\skip64
\cftpartnumwidth=\skip65
\cftpartindent=\skip66
\cftbeforechapskip=\skip67
\cftchapindent=\skip68
\cftchapnumwidth=\skip69
\cftbeforesecskip=\skip70
\cftsecindent=\skip71
\cftsecnumwidth=\skip72
\cftbeforesubsecskip=\skip73
\cftsubsecindent=\skip74
\cftsubsecnumwidth=\skip75
\cftbeforesubsubsecskip=\skip76
\cftsubsubsecindent=\skip77
\cftsubsubsecnumwidth=\skip78
\cftbeforeparaskip=\skip79
\cftparaindent=\skip80
\cftparanumwidth=\skip81
\cftbeforesubparaskip=\skip82
\cftsubparaindent=\skip83
\cftsubparanumwidth=\skip84
\cftbeforeloftitleskip=\skip85
\cftafterloftitleskip=\skip86
\cftbeforefigskip=\skip87
\cftfigindent=\skip88
\cftfignumwidth=\skip89
\c@lofdepth=\count292
\c@lotdepth=\count293
\cftbeforelottitleskip=\skip90
\cftafterlottitleskip=\skip91
\cftbeforetabskip=\skip92
\cfttabindent=\skip93
\cfttabnumwidth=\skip94
)
(/usr/share/texlive/texmf-dist/tex/latex/l3backend/l3backend-pdfmode.def
File: l3backend-pdfmode.def 2020-02-03 L3 backend support: PDF mode
\l__kernel_color_stack_int=\count294
\l__pdf_internal_box=\box61
)
No file main.aux.
\openout1 = `main.aux'.

LaTeX Font Info:    Checking defaults for OML/cmm/m/it on input line 13.
LaTeX Font Info:    ... okay on input line 13.
LaTeX Font Info:    Checking defaults for OMS/cmsy/m/n on input line 13.
LaTeX Font Info:    ... okay on input line 13.
LaTeX Font Info:    Checking defaults for OT1/cmr/m/n on input line 13.
LaTeX Font Info:    ... okay on input line 13.
LaTeX Font Info:    Checking defaults for T1/cmr/m/n on input line 13.
LaTeX Font Info:    ... okay on input line 13.
LaTeX Font Info:    Checking defaults for TS1/cmr/m/n on input line 13.
LaTeX Font Info:    ... okay on input line 13.
LaTeX Font Info:    Checking defaults for OMX/cmex/m/n on input line 13.
LaTeX Font Info:    ... okay on input line 13.
LaTeX Font Info:    Checking defaults for U/cmr/m/n on input line 13.
LaTeX Font Info:    ... okay on input line 13.
LaTeX Font Info:    Checking defaults for PD1/pdf/m/n on input line 13.
LaTeX Font Info:    ... okay on input line 13.
\AtBeginShipoutBox=\box62
Package hyperref Info: Link coloring OFF on input line 13.
(/usr/share/texlive/texmf-dist/tex/latex/hyperref/nameref.sty
Package: nameref 2019/09/16 v2.46 Cross-referencing by name of section

(/usr/share/texlive/texmf-dist/tex/latex/refcount/refcount.sty
Package: refcount 2019/12/15 v3.6 Data extraction from label references (HO)
)
(/usr/share/texlive/texmf-dist/tex/generic/gettitlestring/gettitlestring.sty
Package: gettitlestring 2019/12/15 v1.6 Cleanup title references (HO)
)
\c@section@level=\count295
)
LaTeX Info: Redefining \ref on input line 13.
LaTeX Info: Redefining \pageref on input line 13.
LaTeX Info: Redefining \nameref on input line 13.
\@outlinefile=\write4
\openout4 = `main.out'.


(/usr/share/texlive/texmf-dist/tex/context/base/mkii/supp-pdf.mkii
[Loading MPS to PDF converter (version 2006.09.02).]
\scratchcounter=\count296
\scratchdimen=\dimen265
\scratchbox=\box63
\nofMPsegments=\count297
\nofMParguments=\count298
\everyMPshowfont=\toks37
\MPscratchCnt=\count299
\MPscratchDim=\dimen266
\MPnumerator=\count300
\makeMPintoPDFobject=\count301
\everyMPtoPDFconversion=\toks38
) (/usr/share/texlive/texmf-dist/tex/latex/epstopdf-pkg/epstopdf-base.sty
Package: epstopdf-base 2020-01-24 v2.11 Base part for package epstopdf
Package epstopdf-base Info: Redefining graphics rule for `.eps' on input line 4
85.

(/usr/share/texlive/texmf-dist/tex/latex/latexconfig/epstopdf-sys.cfg
File: epstopdf-sys.cfg 2010/07/13 v1.3 Configuration of (r)epstopdf for TeX Liv
e
))
ABD: EveryShipout initializing macros
\tf@toc=\write5
\openout5 = `main.toc'.

 [1

{/var/lib/texmf/fonts/map/pdftex/updmap/pdftex.map}]
\openout2 = `robot.aux'.

 (./robot.tex [2


]
Chapter 1.

LaTeX Warning: Citation `siciliano-2016-springer-handbook-robotics' on page 3 u
ndefined on input line 2.

./robot.tex:23: Undefined control sequence.
l.23         \textbbf
                     {Goals} A goal in robotics refers to a desired outcome ...
The control sequence at the end of the top line
of your error message was never \def'ed. If you have
misspelled it (e.g., `\hobx'), type `I' and the correct
spelling (e.g., `I\hbox'). Otherwise just continue,
and I'll forget about whatever was undefined.


LaTeX Warning: Citation `scassellati-2001-goal-directed-behavior-in-robotics' o
n page 3 undefined on input line 24.


LaTeX Warning: Citation `gerkey-2004-task-allocation-multi-robot-systems' on pa
ge 3 undefined on input line 27.

[3]

LaTeX Warning: Citation `bekey-2005-autonomous-robots' on page 4 undefined on i
nput line 34.


LaTeX Warning: Citation `siciliano-2016-springer-handbook-robotics' on page 4 u
ndefined on input line 36.


LaTeX Warning: Citation `roy-2005-cognitive-robot' on page 4 undefined on input
 line 38.

[4]) [5]
\openout2 = `from-data-to-information-theory.aux'.

 (./from-data-to-information-theory.tex [6



]
Chapter 2.

Overfull \hbox (636.61055pt too wide) in paragraph at lines 5--16
\OT1/cmr/m/n/10 ble you can find the dif-fer-ence be-tween in-for-ma-tion and p
er-cep-tion [] 
 []

) [7] [8]
\openout2 = `action.aux'.

 (./action.tex
Chapter 3.
) [9



]
\openout2 = `learning_in_robots.aux'.

 (./learning_in_robots.tex [10



]
Chapter 4.

LaTeX Warning: Citation `lecun-2015-deep-learning' on page 11 undefined on inpu
t line 2.


LaTeX Warning: Citation `lecun-2015-deep-learning' on page 11 undefined on inpu
t line 7.


LaTeX Warning: Citation `hinton-1999-unsupervised-learning' on page 11 undefine
d on input line 10.


LaTeX Warning: Citation `zhu-2009-semi-supervised-learning' on page 11 undefine
d on input line 13.

[11]

LaTeX Warning: Citation `pan-2010-transfer-learning' on page 12 undefined on in
put line 21.


LaTeX Warning: Citation `chen-2020-self-supervised' on page 12 undefined on inp
ut line 24.


LaTeX Warning: Citation `finn-2017-meta-learning' on page 12 undefined on input
 line 27.


LaTeX Warning: Citation `parisi-2019-continual-learning' on page 12 undefined o
n input line 30.


LaTeX Warning: Citation `sutton-2018-reinforcement-learning' on page 12 undefin
ed on input line 33.

[12]

Package hyperref Warning: The anchor of a bookmark and its parent's must not
(hyperref)                be the same. Added a new anchor on input line 39.


LaTeX Warning: Citation `settles-2009-active-learning' on page 13 undefined on 
input line 43.


LaTeX Warning: Citation `argall-2009-imitation-learning' on page 13 undefined o
n input line 46.


Overfull \hbox (1.47292pt too wide) in paragraph at lines 46--47
\OT1/cmr/m/n/10 Imitation learn-ing en-ables robots to mimic ex-pert be-hav-ior
s by ob-serv-ing demon-
 []


LaTeX Warning: Citation `hoi-2018-online-learning' on page 13 undefined on inpu
t line 49.


LaTeX Warning: Citation `goldberg-1989-genetic-algorithms' on page 13 undefined
 on input line 52.


LaTeX Warning: Citation `goodfellow-2014-gan' on page 13 undefined on input lin
e 55.


LaTeX Warning: Citation `mcmahan-2017-federated-learning' on page 13 undefined 
on input line 58.

[13]

LaTeX Warning: Citation `bengio-2009-curriculum-learning' on page 14 undefined 
on input line 61.


LaTeX Warning: Citation `caruana-1997-multi-task-learning' on page 14 undefined
 on input line 64.


LaTeX Warning: Citation `oudeyer-2007-intrinsic-motivation' on page 14 undefine
d on input line 67.


LaTeX Warning: Citation `larochelle-2008-zero-shot-learning' on page 14 undefin
ed on input line 70.


LaTeX Warning: Citation `vinyals-2016-few-shot-learning' on page 14 undefined o
n input line 73.


LaTeX Warning: Citation `russell-2010-artificial-intelligence' on page 14 undef
ined on input line 78.

[14]

LaTeX Warning: Citation `bishop-2006-pattern-recognition' on page 15 undefined 
on input line 81.


Overfull \hbox (630.89247pt too wide) in paragraph at lines 90--100
 [][] 
 []


Package hyperref Warning: The anchor of a bookmark and its parent's must not
(hyperref)                be the same. Added a new anchor on input line 104.


LaTeX Warning: Citation `bishop-2006-pattern-recognition' on page 15 undefined 
on input line 105.

[15]

LaTeX Warning: Citation `bishop-2006-pattern-recognition' on page 16 undefined 
on input line 108.


LaTeX Warning: Citation `russell-2010-artificial-intelligence' on page 16 undef
ined on input line 111.


LaTeX Warning: Citation `russell-2010-artificial-intelligence' on page 16 undef
ined on input line 114.


LaTeX Warning: Citation `lecun-2015-deep-learning' on page 16 undefined on inpu
t line 117.


LaTeX Warning: Citation `pfeifer-2007-embodied-intelligence' on page 16 undefin
ed on input line 120.

) [16]
\openout2 = `models.aux'.

 (./models.tex
Chapter 5.

LaTeX Warning: Citation `lecun-2015-deep-learning' on page 17 undefined on inpu
t line 4.


Overfull \hbox (1.5839pt too wide) in paragraph at lines 4--5
\OT1/cmr/m/n/10 Classification mod-els are de-signed to cat-e-go-rize in-put da
ta into pre-de-fined classes
 []


Package hyperref Warning: The anchor of a bookmark and its parent's must not
(hyperref)                be the same. Added a new anchor on input line 5.


LaTeX Warning: Citation `ng-2002-discriminative-generative' on page 17 undefine
d on input line 6.


LaTeX Warning: Citation `hastie-2009-elements-statistical-learning' on page 17 
undefined on input line 10.

[17



]

LaTeX Warning: Citation `bishop-2006-pattern-recognition' on page 18 undefined 
on input line 13.


LaTeX Warning: Citation `goodfellow-2014-gan' on page 18 undefined on input lin
e 16.


LaTeX Warning: Citation `raina-2004-hybrid-models' on page 18 undefined on inpu
t line 21.


Overfull \hbox (3.75064pt too wide) in paragraph at lines 21--22
\OT1/cmr/m/n/10 Hybrid mod-els com-bine the strengths of gen-er-a-tive and dis-
crim-i-na-tive ap-proaches
 []


LaTeX Warning: Citation `pearl-1988-bayesian-networks' on page 18 undefined on 
input line 24.


LaTeX Warning: Citation `vaswani-2017-attention-transformers' on page 18 undefi
ned on input line 27.

[18]
Overfull \hbox (27.10788pt too wide) in paragraph at lines 34--34
|[]\OT1/cmr/bx/n/14.4 Pattern, pat-tern recog-ni-tion mod-els and anoma-
 []

) [19]
\openout2 = `from-memory-to-remembering.aux'.

 (./from-memory-to-remembering.tex [20



]
Chapter 6.

LaTeX Warning: Citation `beetz-2015-cram-cognitive-robot-abstract-machine' on p
age 21 undefined on input line 6.


LaTeX Warning: Citation `goertzel-2014-opencog-framework-artificial-general-int
elligence' on page 21 undefined on input line 8.


LaTeX Warning: Citation `anderson-2004-integrated-theory-of-mind' on page 21 un
defined on input line 10.


LaTeX Warning: Citation `tenorth-2013-knowrob-knowledge-processing-infrastructu
re' on page 21 undefined on input line 12.

[21]

LaTeX Warning: Citation `graves-2014-neural-turing-machines' on page 22 undefin
ed on input line 14.


LaTeX Warning: Citation `laird-2012-soar-cognitive-architecture' on page 22 und
efined on input line 16.


LaTeX Warning: Citation `hawkins-2004-on-intelligence' on page 22 undefined on 
input line 18.


LaTeX Warning: Citation `hebb-1949-organization-of-behavior' on page 22 undefin
ed on input line 23.


LaTeX Warning: Citation `tulving-1985-elements-of-episodic-memory' on page 22 u
ndefined on input line 23.

[22]

Package hyperref Warning: The anchor of a bookmark and its parent's must not
(hyperref)                be the same. Added a new anchor on input line 34.


LaTeX Warning: Citation `hochreiter-1997-long-short-term-memory' on page 23 und
efined on input line 35.


LaTeX Warning: Citation `hawkins-2004-on-intelligence' on page 23 undefined on 
input line 37.


LaTeX Warning: Citation `friston-2005-a-predictive-brain-how-perception-and-act
ion-are-coupled-in-neural-networks' on page 23 undefined on input line 40.


LaTeX Warning: Citation `friston-2010-the-free-energy-principle-a-unified-brain
-theory' on page 23 undefined on input line 42.


LaTeX Warning: Citation `hebb-1949-organization-of-behavior' on page 23 undefin
ed on input line 44.


LaTeX Warning: Citation `hebb-1949-organization-of-behavior' on page 23 undefin
ed on input line 49.

[23]

LaTeX Warning: Citation `newell-1990-unified-theories-of-cognition' on page 24 
undefined on input line 51.


LaTeX Warning: Citation `goodfellow-2014-generative-adversarial-nets' on page 2
4 undefined on input line 53.


LaTeX Warning: Citation `tulving-1985-elements-of-episodic-memory' on page 24 u
ndefined on input line 55.


LaTeX Warning: Citation `oudeyer-2007-intrinsic-motivation' on page 24 undefine
d on input line 57.


LaTeX Warning: Citation `cox-2005-metareasoning-and-meta-learning' on page 24 u
ndefined on input line 59.


Overfull \hbox (4.59654pt too wide) in paragraph at lines 59--60
[]\OT1/cmr/bx/n/10 Metacognition and Self-Reflection: \OT1/cmr/m/n/10 Metacog-n
i-tive sys-tems re-trieve mem-
 []

) [24]
\openout2 = `integrated-robotic-intelligence.aux'.

 (./integrated-robotic-intelligence.tex
Chapter 7.

Overfull \hbox (2.26117pt too wide) in paragraph at lines 5--5
|[]\OT1/cmr/bx/n/12 Reinforcement Learn-ing and Hi-er-ar-chi-cal Ex-ten-sions| 

 []


LaTeX Warning: Citation `sutton-2018-reinforcement-learning' on page 25 undefin
ed on input line 6.


LaTeX Warning: Citation `barto-2003-hierarchical' on page 25 undefined on input
 line 6.


Overfull \hbox (5.78893pt too wide) in paragraph at lines 8--8
|[]\OT1/cmr/bx/n/12 Sensorimotor and Em-bod-ied In-tel-li-gence Frame-works| 
 []


LaTeX Warning: Citation `argall-2009-imitation-learning' on page 25 undefined o
n input line 9.


LaTeX Warning: Citation `pfeifer-2007-embodied-intelligence' on page 25 undefin
ed on input line 9.

[25



]

LaTeX Warning: Citation `friston-2010-free-energy' on page 26 undefined on inpu
t line 13.


LaTeX Warning: Citation `damasio-1994-descartes-error' on page 26 undefined on 
input line 16.


LaTeX Warning: Citation `haykin-2012-cognitive-dynamic-systems' on page 26 unde
fined on input line 19.


Overfull \hbox (2.26924pt too wide) in paragraph at lines 19--20
\OT1/cmr/m/n/10 namic en-vi-ron-ments. Ap-pli-ca-tions in-clude multi-agent com
-mu-ni-ca-tion and adap-
 []


LaTeX Warning: Citation `lecun-2015-deep-learning' on page 26 undefined on inpu
t line 22.


LaTeX Warning: Citation `garcez-2019-neuro-symbolic' on page 26 undefined on in
put line 25.


LaTeX Warning: Citation `rao-1999-predictive-coding' on page 26 undefined on in
put line 28.


Overfull \hbox (371.42532pt too wide) has occurred while \output is active
\OT1/cmr/m/n/10 26 \OT1/cmr/m/sl/10 CHAPTER 7.  UNIFYING FRAMEWORKS FOR PERCEPT
ION, ACTION, AND LEARNING IN ROBOTICS OR INTEGRATED ROBOTIC INTELLIGENCE
 []

[26]

LaTeX Warning: Citation `busoniu-2008-marl' on page 27 undefined on input line 
31.

) [27]
\openout2 = `from-awareness-to-consciousness.aux'.

 (./from-awareness-to-consciousness.tex
Overfull \hbox (371.42532pt too wide) has occurred while \output is active
\OT1/cmr/m/n/10 28 \OT1/cmr/m/sl/10 CHAPTER 7.  UNIFYING FRAMEWORKS FOR PERCEPT
ION, ACTION, AND LEARNING IN ROBOTICS OR INTEGRATED ROBOTIC INTELLIGENCE
 []

[28



]
Chapter 8.

Overfull \hbox (205.98593pt too wide) in paragraph at lines 17--32
[] 
 []

[29]

LaTeX Warning: Citation `anderson-1996-act-r' on page 30 undefined on input lin
e 43.


LaTeX Warning: Citation `newell-1990-unified-theories-of-cognition' on page 30 
undefined on input line 43.


LaTeX Warning: Citation `sun-2006-clarion-framework' on page 30 undefined on in
put line 43.


LaTeX Warning: Citation `franklin-2013-lida-theory' on page 30 undefined on inp
ut line 43.


Package hyperref Warning: The anchor of a bookmark and its parent's must not
(hyperref)                be the same. Added a new anchor on input line 45.


LaTeX Warning: Citation `kotseruba-2016-review-40-years-cognitive-architecture'
 on page 30 undefined on input line 47.


LaTeX Warning: Citation `langley-2017-progress-challenges-cognitive-architectur
es' on page 30 undefined on input line 49.

[30]

LaTeX Warning: Citation `thorisson-2012-cognitive-architectures-autonomy' on pa
ge 31 undefined on input line 51.


LaTeX Warning: Citation `anderson-1996-act-r' on page 31 undefined on input lin
e 56.


LaTeX Warning: Citation `lehman-1996-soar-architecture' on page 31 undefined on
 input line 58.


LaTeX Warning: Citation `sun-2006-clarion-framework' on page 31 undefined on in
put line 60.


LaTeX Warning: Citation `franklin-2013-lida-a-systems-level-theory-of-cognition
-and-action' on page 31 undefined on input line 62.


LaTeX Warning: Citation `goertzel-2014-the-opencog-framework-for-artificial-gen
eral-intelligence' on page 31 undefined on input line 64.


LaTeX Warning: Citation `eliasmith-2012-a-large-scale-model-of-the-functioning-
brain' on page 31 undefined on input line 66.


LaTeX Warning: Citation `wang-2006-non-axiomatic-reasoning-system' on page 31 u
ndefined on input line 68.

[31]

LaTeX Warning: Citation `rohrer-2010-brain-emulating-cognition-and-control-arch
itecture' on page 32 undefined on input line 70.


LaTeX Warning: Citation `anderson-1996-act-r' on page 32 undefined on input lin
e 77.


LaTeX Warning: Citation `lehman-1996-soar-architecture' on page 32 undefined on
 input line 78.


LaTeX Warning: Citation `sun-2006-clarion-framework' on page 32 undefined on in
put line 79.


LaTeX Warning: Citation `franklin-2013-lida-a-systems-level-theory-of-cognition
-and-action' on page 32 undefined on input line 80.


LaTeX Warning: Citation `goertzel-2014-the-opencog-framework-for-artificial-gen
eral-intelligence' on page 32 undefined on input line 81.


LaTeX Warning: Citation `eliasmith-2012-a-large-scale-model-of-the-functioning-
brain' on page 32 undefined on input line 82.


LaTeX Warning: Citation `wang-2006-non-axiomatic-reasoning-system' on page 32 u
ndefined on input line 83.


LaTeX Warning: Citation `rohrer-2010-brain-emulating-cognition-and-control-arch
itecture' on page 32 undefined on input line 84.


Overfull \hbox (266.09055pt too wide) in paragraph at lines 74--86
 [][] 
 []

Package hyperref Info: bookmark level for unknown todo defaults to 0 on input l
ine 93.
./from-awareness-to-consciousness.tex:101: Missing $ inserted.
<inserted text> 
                $
l.101 ...0659133_Robots_and_Machine_Consciousness}
                                                  
I've inserted a begin-math/end-math symbol since I think
you left one out. Proceed, with fingers crossed.

./from-awareness-to-consciousness.tex:101: Extra }, or forgotten $.
\@todonotes@drawMarginNote ...){\@todonotes@text }
                                                  ;\fi \end {tikzpicture}\hb...
l.101 ...0659133_Robots_and_Machine_Consciousness}
                                                  
I've deleted a group-closing symbol because it seems to be
spurious, as in `$x}$'. But perhaps the } is legitimate and
you forgot something else, as in `\hbox{$x}'. In such cases
the way to recover is to insert both the forgotten and the
deleted material, e.g., by typing `I$}'.

./from-awareness-to-consciousness.tex:101: Undefined control sequence.
\endtikzpicture ...r@layerlist@globally \endscope 
                                                  \let \pgf@baseline =\pgf@s...
l.101 ...0659133_Robots_and_Machine_Consciousness}
                                                  
The control sequence at the end of the top line
of your error message was never \def'ed. If you have
misspelled it (e.g., `\hobx'), type `I' and the correct
spelling (e.g., `I\hbox'). Otherwise just continue,
and I'll forget about whatever was undefined.

./from-awareness-to-consciousness.tex:101: Missing $ inserted.
<inserted text> 
                $
l.101 ...0659133_Robots_and_Machine_Consciousness}
                                                  
I've inserted something that you may have forgotten.
(See the <inserted text> above.)
With luck, this will get me unwedged. But if you
really didn't forget anything, try typing `2' now; then
my insertion and my current dilemma will both disappear.

./from-awareness-to-consciousness.tex:101: Missing } inserted.
<inserted text> 
                }
l.101 ...0659133_Robots_and_Machine_Consciousness}
                                                  
I've inserted something that you may have forgotten.
(See the <inserted text> above.)
With luck, this will get me unwedged. But if you
really didn't forget anything, try typing `2' now; then
my insertion and my current dilemma will both disappear.


Overfull \hbox (279.9629pt too wide) in paragraph at lines 101--101
\OT1/cmr/m/n/10 https://www.researchgate.net/publication/360659133$[]\OML/cmm/m
/it/10 obots[]nd[]achine[]onsciousness\OT1/cmr/m/n/10 ; [][][][]$[]  
 []


./from-awareness-to-consciousness.tex:101: Package tikz Error: Giving up on thi
s path. Did you forget a semicolon?.

See the tikz package documentation for explanation.
Type  H <return>  for immediate help.
 ...                                              
                                                  
l.101 ...0659133_Robots_and_Machine_Consciousness}
                                                  
This error message was generated by an \errmessage
command, so I can't give any explicit help.
Pretend that you're Hercule Poirot: Examine all clues,
and deduce the truth by order and method.

./from-awareness-to-consciousness.tex:101: Extra }, or forgotten \endgroup.
\endpgfpicture ...globally \endgroup \hss \egroup 
                                                  \pgf@restore@layerlist@fro...
l.101 ...0659133_Robots_and_Machine_Consciousness}
                                                  
I've deleted a group-closing symbol because it seems to be
spurious, as in `$x}$'. But perhaps the } is legitimate and
you forgot something else, as in `\hbox{$x}'. In such cases
the way to recover is to insert both the forgotten and the
deleted material, e.g., by typing `I$}'.

./from-awareness-to-consciousness.tex:101: Extra }, or forgotten \endgroup.
\endpgfpicture ...dpicture \endgroup \hss \egroup 
                                                  \pgfsys@typesetpicturebox ...
l.101 ...0659133_Robots_and_Machine_Consciousness}
                                                  
I've deleted a group-closing symbol because it seems to be
spurious, as in `$x}$'. But perhaps the } is legitimate and
you forgot something else, as in `\hbox{$x}'. In such cases
the way to recover is to insert both the forgotten and the
deleted material, e.g., by typing `I$}'.

./from-awareness-to-consciousness.tex:101: Extra }, or forgotten \endgroup.
\color@endbox ->\color@endgroup \egroup 
                                        
l.101 ...0659133_Robots_and_Machine_Consciousness}
                                                  
I've deleted a group-closing symbol because it seems to be
spurious, as in `$x}$'. But perhaps the } is legitimate and
you forgot something else, as in `\hbox{$x}'. In such cases
the way to recover is to insert both the forgotten and the
deleted material, e.g., by typing `I$}'.

./from-awareness-to-consciousness.tex:101: Missing $ inserted.
<inserted text> 
                $
l.101 ...0659133_Robots_and_Machine_Consciousness}
                                                  
I've inserted a begin-math/end-math symbol since I think
you left one out. Proceed, with fingers crossed.

./from-awareness-to-consciousness.tex:101: Extra }, or forgotten $.
\@todonotes@drawMarginNote ...){\@todonotes@text }
                                                  ;\fi \end {tikzpicture}\hb...
l.101 ...0659133_Robots_and_Machine_Consciousness}
                                                  
I've deleted a group-closing symbol because it seems to be
spurious, as in `$x}$'. But perhaps the } is legitimate and
you forgot something else, as in `\hbox{$x}'. In such cases
the way to recover is to insert both the forgotten and the
deleted material, e.g., by typing `I$}'.

./from-awareness-to-consciousness.tex:101: Undefined control sequence.
\endtikzpicture ...r@layerlist@globally \endscope 
                                                  \let \pgf@baseline =\pgf@s...
l.101 ...0659133_Robots_and_Machine_Consciousness}
                                                  
The control sequence at the end of the top line
of your error message was never \def'ed. If you have
misspelled it (e.g., `\hobx'), type `I' and the correct
spelling (e.g., `I\hbox'). Otherwise just continue,
and I'll forget about whatever was undefined.

./from-awareness-to-consciousness.tex:101: Missing $ inserted.
<inserted text> 
                $
l.101 ...0659133_Robots_and_Machine_Consciousness}
                                                  
I've inserted something that you may have forgotten.
(See the <inserted text> above.)
With luck, this will get me unwedged. But if you
really didn't forget anything, try typing `2' now; then
my insertion and my current dilemma will both disappear.

./from-awareness-to-consciousness.tex:101: Missing } inserted.
<inserted text> 
                }
l.101 ...0659133_Robots_and_Machine_Consciousness}
                                                  
I've inserted something that you may have forgotten.
(See the <inserted text> above.)
With luck, this will get me unwedged. But if you
really didn't forget anything, try typing `2' now; then
my insertion and my current dilemma will both disappear.


Overfull \hbox (279.9629pt too wide) in paragraph at lines 101--101
\OT1/cmr/m/n/10 https://www.researchgate.net/publication/360659133$[]\OML/cmm/m
/it/10 obots[]nd[]achine[]onsciousness\OT1/cmr/m/n/10 ; [][][][]$[]  
 []


./from-awareness-to-consciousness.tex:101: Package tikz Error: Giving up on thi
s path. Did you forget a semicolon?.

See the tikz package documentation for explanation.
Type  H <return>  for immediate help.
 ...                                              
                                                  
l.101 ...0659133_Robots_and_Machine_Consciousness}
                                                  
(That was another \errmessage.)

./from-awareness-to-consciousness.tex:101: Extra }, or forgotten \endgroup.
\endpgfpicture ...globally \endgroup \hss \egroup 
                                                  \pgf@restore@layerlist@fro...
l.101 ...0659133_Robots_and_Machine_Consciousness}
                                                  
I've deleted a group-closing symbol because it seems to be
spurious, as in `$x}$'. But perhaps the } is legitimate and
you forgot something else, as in `\hbox{$x}'. In such cases
the way to recover is to insert both the forgotten and the
deleted material, e.g., by typing `I$}'.

./from-awareness-to-consciousness.tex:101: Extra }, or forgotten \endgroup.
\endpgfpicture ...dpicture \endgroup \hss \egroup 
                                                  \pgfsys@typesetpicturebox ...
l.101 ...0659133_Robots_and_Machine_Consciousness}
                                                  
I've deleted a group-closing symbol because it seems to be
spurious, as in `$x}$'. But perhaps the } is legitimate and
you forgot something else, as in `\hbox{$x}'. In such cases
the way to recover is to insert both the forgotten and the
deleted material, e.g., by typing `I$}'.

./from-awareness-to-consciousness.tex:101: Extra }, or forgotten \endgroup.
\color@endbox ->\color@endgroup \egroup 
                                        
l.101 ...0659133_Robots_and_Machine_Consciousness}
                                                  
I've deleted a group-closing symbol because it seems to be
spurious, as in `$x}$'. But perhaps the } is legitimate and
you forgot something else, as in `\hbox{$x}'. In such cases
the way to recover is to insert both the forgotten and the
deleted material, e.g., by typing `I$}'.

./from-awareness-to-consciousness.tex:101: Extra }, or forgotten \endgroup.
\\todo ...odonotes@vmodetrue \fi {\@todo [#1]{#2}}
                                                  \@esphack \if@todonotes@vm...
l.101 ...0659133_Robots_and_Machine_Consciousness}
                                                  
I've deleted a group-closing symbol because it seems to be
spurious, as in `$x}$'. But perhaps the } is legitimate and
you forgot something else, as in `\hbox{$x}'. In such cases
the way to recover is to insert both the forgotten and the
deleted material, e.g., by typing `I$}'.

)
./main.tex:26: Improper \prevdepth.
\newpage ...everypar {}\fi \par \ifdim \prevdepth 
                                                  >\z@ \vskip -\ifdim \prevd...
l.26 \include{from-awareness-to-consciousness}
                                              
You can refer to \spacefactor only in horizontal mode;
you can refer to \prevdepth only in vertical mode; and
neither of these is meaningful inside \write. So
I'm forgetting what you said and using zero instead.

./main.tex:26: Missing \endgroup inserted.
<inserted text> 
                \endgroup 
l.26 \include{from-awareness-to-consciousness}
                                              
I've inserted something that you may have forgotten.
(See the <inserted text> above.)
With luck, this will get me unwedged. But if you
really didn't forget anything, try typing `2' now; then
my insertion and my current dilemma will both disappear.

./main.tex:26: Missing \endgroup inserted.
<inserted text> 
                \endgroup 
l.26 \include{from-awareness-to-consciousness}
                                              
I've inserted something that you may have forgotten.
(See the <inserted text> above.)
With luck, this will get me unwedged. But if you
really didn't forget anything, try typing `2' now; then
my insertion and my current dilemma will both disappear.

./main.tex:26: Missing } inserted.
<inserted text> 
                }
l.26 \include{from-awareness-to-consciousness}
                                              
I've inserted something that you may have forgotten.
(See the <inserted text> above.)
With luck, this will get me unwedged. But if you
really didn't forget anything, try typing `2' now; then
my insertion and my current dilemma will both disappear.


Overfull \hbox (2.22221pt too wide) detected at line 26
[][][][][] 
 []

\openout2 = `control_theory.aux'.

No file control_theory.tex.
\openout2 = `multi-robot-systems.aux'.

(./multi-robot-systems.tex
Chapter 9.

Overfull \hbox (55.7995pt too wide) in paragraph at lines 1--1
[]\OT1/cmr/bx/n/24.88 Collectiveness  
 []


LaTeX Warning: Citation `brambilla-2013-swarm-robotics-review' on page 32 undef
ined on input line 12.


LaTeX Warning: Citation `fong-2003-socially-interactive-robots-survey' on page 
32 undefined on input line 13.


LaTeX Warning: Citation `laird-2012-soar-cognitive-architecture' on page 32 und
efined on input line 14.


LaTeX Warning: Citation `tenorth-2013-knowrob-knowledge-processing-infrastructu
re' on page 32 undefined on input line 15.


LaTeX Warning: Citation `hawkins-2004-on-intelligence' on page 32 undefined on 
input line 16.


LaTeX Warning: Citation `graves-2014-neural-turing-machines' on page 32 undefin
ed on input line 17.


LaTeX Warning: Citation `parker-2008-distributed-intelligence-in-multi-robot-sy
stems' on page 32 undefined on input line 34.


LaTeX Warning: Citation `berman-2009-coordination-multiple-mobile-robots' on pa
ge 32 undefined on input line 36.


LaTeX Warning: Citation `stone-2001-multi-agent-systems-survey' on page 32 unde
fined on input line 38.


LaTeX Warning: Citation `breazeal-2019-collaborative-robots-human-aware-interac
tion' on page 32 undefined on input line 40.


LaTeX Warning: Citation `brambilla-2013-swarm-robotics-review' on page 32 undef
ined on input line 42.


LaTeX Warning: Citation `jennings-2001-automated-negotiation-challenges' on pag
e 32 undefined on input line 44.


LaTeX Warning: Citation `gerkey-2004-task-allocation-multi-robot-systems' on pa
ge 32 undefined on input line 46.


LaTeX Warning: Citation `fong-2003-socially-interactive-robots-survey' on page 
32 undefined on input line 48.


Overfull \hbox (33.72476pt too wide) in paragraph at lines 64--64
|[]\OT1/cmr/bx/n/14.4 Communication| 
 []

)
\openout2 = `self.aux'.

 (./self.tex

./self.tex:1: LaTeX Error: Can be used only in preamble.

See the LaTeX manual or LaTeX Companion for explanation.
Type  H <return>  for immediate help.
 ...                                              
                                                  
l.1 \usepackage
               {amsmath}\chapter{Self-awareness}
Your command was ignored.
Type  I <command> <return>  to replace it with another command,
or  <return>  to continue without it.

Chapter 10.

Overfull \hbox (5.478pt too wide) in paragraph at lines 1--1
\OT1/cmr/bx/n/24.88 awareness  
 []


Overfull \hbox (31.69649pt too wide) in paragraph at lines 4--4
|[]\OT1/cmr/bx/n/14.4 Distinguishing
 []


Overfull \hbox (3.27385pt too wide) detected at line 36
[] \OT1/cmr/m/n/10 = \OMS/cmsy/m/n/10 k\OML/cmm/m/it/10 x[] \OMS/cmsy/m/n/10 ^^
@ \OML/cmm/m/it/10 x[]\OMS/cmsy/m/n/10 k
 []


Overfull \hbox (86.97401pt too wide) detected at line 75
[] \OT1/cmr/m/n/10 = \OMS/cmsy/m/n/10 k\OML/cmm/m/it/10 x[] \OMS/cmsy/m/n/10 ^^
@ \OML/cmm/m/it/10 x[]\OMS/cmsy/m/n/10 k
 []


Overfull \hbox (92.9274pt too wide) detected at line 84
\OML/cmm/m/it/10 P\OT1/cmr/m/n/10 ([]\OMS/cmsy/m/n/10 j[]\OT1/cmr/m/n/10 ) \OMS
/cmsy/m/n/10 / \OML/cmm/m/it/10 P\OT1/cmr/m/n/10 ([]\OMS/cmsy/m/n/10 j[]\OT1/cm
r/m/n/10 )\OML/cmm/m/it/10 P\OT1/cmr/m/n/10 ([])
 []


Overfull \hbox (363.24718pt too wide) in paragraph at lines 89--99
[] 
 []


Overfull \hbox (534.99055pt too wide) in paragraph at lines 110--122
[] 
 []


Overfull \hbox (488.02884pt too wide) in paragraph at lines 134--146
[] 
 []


Overfull \hbox (6.83195pt too wide) in paragraph at lines 182--182
|[]\OT1/cmr/bx/n/12 Applications
 []


Overfull \hbox (646.22032pt too wide) in paragraph at lines 192--202
[][] 
 []


Overfull \hbox (25.05157pt too wide) in paragraph at lines 202--202
\OT1/cmr/bx/n/14.4 consciousness| 
 []


Overfull \hbox (1.35822pt too wide) in paragraph at lines 204--204
|[]\OT1/cmr/bx/n/14.4 Difference
 []


./self.tex:205: LaTeX Error: Not in outer par mode.

See the LaTeX manual or LaTeX Companion for explanation.
Type  H <return>  for immediate help.
 ...                                              
                                                  
l.205     \begin{table}[h!]
                           
You've lost some text.  Try typing  <return>  to proceed.
If that doesn't work, type  X <return>  to quit.


Overfull \hbox (366.52275pt too wide) in paragraph at lines 207--222
 [][] 
 []

)
\openout2 = `collective-self.aux'.

 (./collective-self.tex
Chapter 11.

Overfull \hbox (14.72728pt too wide) in paragraph at lines 1--1
[]\OT1/cmr/bx/n/24.88 Collective- 
 []


LaTeX Warning: Citation `fong-2003-socially-interactive-robots-survey' on page 
32 undefined on input line 4.


LaTeX Warning: Citation `groom-2007-self-awareness-in-human-robot-interaction' 
on page 32 undefined on input line 7.


LaTeX Warning: Citation `brambilla-2013-swarm-robotics-review' on page 32 undef
ined on input line 9.


LaTeX Warning: Citation `brambilla-2013-swarm-robotics-review' on page 32 undef
ined on input line 11.


Overfull \hbox (292.93654pt too wide) in paragraph at lines 14--24
 [][] 
 []


LaTeX Warning: Citation `fong-2003-a-survey-of-socially-interactive-robots' on 
page 32 undefined on input line 28.


LaTeX Warning: Citation `brambilla-2013-swarm-robotics-a-review-from-the-swarm-
intelligence-perspective' on page 32 undefined on input line 33.

)
\openout2 = `language.aux'.

 (./language.tex
Chapter 12.

Overfull \hbox (0.8907pt too wide) in paragraph at lines 1--1
[]\OT1/cmr/bx/n/24.88 Language  
 []


Overfull \hbox (26.1875pt too wide) in paragraph at lines 6--6
|[]\OT1/cmr/bx/n/12 Communication
 []


Package hyperref Warning: Difference (2) between bookmark levels is greater 
(hyperref)                than one, level fixed on input line 6.

)
\openout2 = `proposed-cognitive-dynamic-system.aux'.

 (./proposed-cognitive-dynamic-system.tex
Chapter 13.

Overfull \hbox (3.49818pt too wide) in paragraph at lines 20--20
|[]\OT1/cmr/bx/n/14.4 Clustering
 []


Overfull \hbox (28.21323pt too wide) in paragraph at lines 24--24
|[]\OT1/cmr/bx/n/14.4 Preprocessing
 []


Package hyperref Warning: The anchor of a bookmark and its parent's must not
(hyperref)                be the same. Added a new anchor on input line 30.


Package hyperref Warning: The anchor of a bookmark and its parent's must not
(hyperref)                be the same. Added a new anchor on input line 45.

)
\openout2 = `experiments.aux'.

 (./experiments.tex
Chapter 14.

Overfull \hbox (39.2445pt too wide) in paragraph at lines 1--1
[]\OT1/cmr/bx/n/24.88 Experiments  
 []


Overfull \hbox (34.33315pt too wide) in paragraph at lines 2--2
|[]\OT1/cmr/bx/n/14.4 Proprioceptive
 []


Overfull \hbox (27.92482pt too wide) in paragraph at lines 4--4
|[]\OT1/cmr/bx/n/14.4 Exteroceptive
 []

)
\tf@tdo=\write6
\openout6 = `main.tdo'.


No file main.bbl.

./main.tex:41: LaTeX Error: \begin{tikzpicture} on input line 101 ended by \end
{document}.

See the LaTeX manual or LaTeX Companion for explanation.
Type  H <return>  for immediate help.
 ...                                              
                                                  
l.41 \end{document}
                   
Your command was ignored.
Type  I <command> <return>  to replace it with another command,
or  <return>  to continue without it.

Package atveryend Info: Empty hook `BeforeClearDocument' on input line 41.
Package atveryend Info: Empty hook `AfterLastShipout' on input line 41.
(/home/donkarlo/repos/phd_thesis/out/main.aux
(/home/donkarlo/repos/phd_thesis/out/robot.aux)
(/home/donkarlo/repos/phd_thesis/out/from-data-to-information-theory.aux)
(/home/donkarlo/repos/phd_thesis/out/action.aux)
(/home/donkarlo/repos/phd_thesis/out/learning_in_robots.aux)
(/home/donkarlo/repos/phd_thesis/out/models.aux)
(/home/donkarlo/repos/phd_thesis/out/from-memory-to-remembering.aux)
(/home/donkarlo/repos/phd_thesis/out/integrated-robotic-intelligence.aux)
(/home/donkarlo/repos/phd_thesis/out/from-awareness-to-consciousness.aux)
(/home/donkarlo/repos/phd_thesis/out/control_theory.aux)
(/home/donkarlo/repos/phd_thesis/out/multi-robot-systems.aux)
(/home/donkarlo/repos/phd_thesis/out/self.aux)
(/home/donkarlo/repos/phd_thesis/out/collective-self.aux)
(/home/donkarlo/repos/phd_thesis/out/language.aux)
(/home/donkarlo/repos/phd_thesis/out/proposed-cognitive-dynamic-system.aux)
(/home/donkarlo/repos/phd_thesis/out/experiments.aux))
Package atveryend Info: Executing hook `AtVeryEndDocument' on input line 41.
Package atveryend Info: Executing hook `AtEndAfterFileList' on input line 41.
Package rerunfilecheck Info: File `main.out' has not changed.
(rerunfilecheck)             Checksum: <no file>.


LaTeX Warning: There were undefined references.

Package atveryend Info: Empty hook `AtVeryVeryEnd' on input line 41.
./main.tex:41: You can't use `\end' in internal vertical mode.
\enddocument ...es \z@ \Call@AtVeryVeryEnd \@@end 
                                                  
l.41 \end{document}
                   
Sorry, but I'm not programmed to handle this case;
I'll just pretend that you didn't ask for it.
If you're in the wrong mode, you might be able to
return to the right one by typing `I}' or `I$' or `I\par'.


./main.tex:41: LaTeX Error: \begin{tikzpicture} on input line 101 ended by \end
{document}.

See the LaTeX manual or LaTeX Companion for explanation.
Type  H <return>  for immediate help.
 ...                                              
                                                  
l.41 \end{document}
                   
Your command was ignored.
Type  I <command> <return>  to replace it with another command,
or  <return>  to continue without it.

)
! Emergency stop.
<*> main.tex
            
*** (job aborted, no legal \end found)

 
Here is how much of TeX's memory you used:
 17815 strings out of 483183
 339636 string characters out of 5966293
 776525 words of memory out of 5000000
 32286 multiletter control sequences out of 15000+600000
 536724 words of font info for 39 fonts, out of 8000000 for 9000
 14 hyphenation exceptions out of 8191
 68i,16n,83p,1414b,1655s stack positions out of 5000i,500n,10000p,200000b,80000s
!  ==> Fatal error occurred, no output PDF file produced!
