\BOOKMARK [0][-]{chapter.1}{Cognitive dynamic robots}{}% 1
\BOOKMARK [1][-]{section.1.1}{The main components of a robot}{chapter.1}% 2
\BOOKMARK [2][-]{subsection.1.1.1}{Physical components}{section.1.1}% 3
\BOOKMARK [2][-]{subsection.1.1.2}{Virtual components:}{section.1.1}% 4
\BOOKMARK [1][-]{section.1.2}{Different robots}{chapter.1}% 5
\BOOKMARK [2][-]{subsection.1.2.1}{Non-Intelligent Robots:}{section.1.2}% 6
\BOOKMARK [2][-]{subsection.1.2.2}{Intelligent Robots:}{section.1.2}% 7
\BOOKMARK [1][-]{section.1.3}{Different goals}{chapter.1}% 8
\BOOKMARK [1][-]{section.1.4}{Feedback system}{chapter.1}% 9
\BOOKMARK [1][-]{section.1.5}{Control theory}{chapter.1}% 10
\BOOKMARK [1][-]{section.1.6}{Sensors}{chapter.1}% 11
\BOOKMARK [1][-]{section.1.7}{State estimation}{chapter.1}% 12
\BOOKMARK [2][-]{subsection.1.7.1}{Questions}{section.1.7}% 13
\BOOKMARK [1][-]{section.1.8}{Signal processing}{chapter.1}% 14
\BOOKMARK [2][-]{subsection.1.8.1}{Questions:}{section.1.8}% 15
\BOOKMARK [0][-]{chapter.2}{From data to information theory}{}% 16
\BOOKMARK [1][-]{section.2.1}{Data}{chapter.2}% 17
\BOOKMARK [1][-]{section.2.2}{Information}{chapter.2}% 18
\BOOKMARK [1][-]{section.2.3}{Knowledge}{chapter.2}% 19
\BOOKMARK [1][-]{section.2.4}{Information theory}{chapter.2}% 20
\BOOKMARK [1][-]{section.2.5}{Signal processing}{chapter.2}% 21
\BOOKMARK [1][-]{section.2.6}{Questions}{chapter.2}% 22
\BOOKMARK [0][-]{chapter.3}{Action and actuators}{}% 23
\BOOKMARK [0][-]{chapter.4}{Learning in Robots}{}% 24
\BOOKMARK [1][-]{section.4.1}{Learning Types in Robotics}{chapter.4}% 25
\BOOKMARK [2][-]{subsection.4.1.1}{Supervised Learning}{section.4.1}% 26
\BOOKMARK [2][-]{subsection.4.1.2}{Unsupervised Learning}{section.4.1}% 27
\BOOKMARK [2][-]{subsection.4.1.3}{Semi-Supervised Learning}{section.4.1}% 28
\BOOKMARK [2][-]{subsection.4.1.4}{Multi Modal learning}{section.4.1}% 29
\BOOKMARK [2][-]{subsection.4.1.5}{Cross modal learning}{section.4.1}% 30
\BOOKMARK [2][-]{subsection.4.1.6}{Transfer Learning}{section.4.1}% 31
\BOOKMARK [2][-]{subsection.4.1.7}{Self-Supervised Learning}{section.4.1}% 32
\BOOKMARK [2][-]{subsection.4.1.8}{Meta-Learning \(Learning to Learn\)}{section.4.1}% 33
\BOOKMARK [2][-]{subsection.4.1.9}{Continual Learning}{section.4.1}% 34
\BOOKMARK [2][-]{subsection.4.1.10}{Reinforcement Learning}{section.4.1}% 35
\BOOKMARK [3][-]{section*.1}{Q-learning}{subsection.4.1.10}% 36
\BOOKMARK [2][-]{subsection.4.1.11}{Active Learning}{section.4.1}% 37
\BOOKMARK [2][-]{subsection.4.1.12}{Imitation Learning}{section.4.1}% 38
\BOOKMARK [2][-]{subsection.4.1.13}{Online Learning}{section.4.1}% 39
\BOOKMARK [2][-]{subsection.4.1.14}{Evolutionary Learning}{section.4.1}% 40
\BOOKMARK [2][-]{subsection.4.1.15}{Adversarial Learning}{section.4.1}% 41
\BOOKMARK [2][-]{subsection.4.1.16}{Federated Learning}{section.4.1}% 42
\BOOKMARK [2][-]{subsection.4.1.17}{Curriculum Learning}{section.4.1}% 43
\BOOKMARK [2][-]{subsection.4.1.18}{Multi-Task Learning}{section.4.1}% 44
\BOOKMARK [2][-]{subsection.4.1.19}{Intrinsic Motivation Learning}{section.4.1}% 45
\BOOKMARK [2][-]{subsection.4.1.20}{Zero-Shot Learning}{section.4.1}% 46
\BOOKMARK [2][-]{subsection.4.1.21}{Few-Shot Learning}{section.4.1}% 47
\BOOKMARK [2][-]{subsection.4.1.22}{sensory motor learning}{section.4.1}% 48
\BOOKMARK [1][-]{section.4.2}{Reasoning}{chapter.4}% 49
\BOOKMARK [1][-]{section.4.3}{Inference}{chapter.4}% 50
\BOOKMARK [2][-]{subsection.4.3.1}{Comparison Table}{section.4.3}% 51
\BOOKMARK [2][-]{subsection.4.3.2}{Inference techniques in robotics}{section.4.3}% 52
\BOOKMARK [3][-]{section*.2}{Bayesian Inference}{subsection.4.3.2}% 53
\BOOKMARK [3][-]{section*.2}{Maximum Likelihood Estimation \(MLE\)}{subsection.4.3.2}% 54
\BOOKMARK [3][-]{section*.2}{Monte Carlo Methods}{subsection.4.3.2}% 55
\BOOKMARK [3][-]{section*.2}{Deductive Inference}{subsection.4.3.2}% 56
\BOOKMARK [3][-]{section*.2}{Neural Network-Based Inference}{subsection.4.3.2}% 57
\BOOKMARK [3][-]{section*.2}{Fuzzy Inference}{subsection.4.3.2}% 58
\BOOKMARK [0][-]{chapter.5}{Models}{}% 59
\BOOKMARK [1][-]{section.5.1}{Different models}{chapter.5}% 60
\BOOKMARK [2][-]{subsection.5.1.1}{Classification Models}{section.5.1}% 61
\BOOKMARK [3][-]{section*.3}{Discriminative Models}{subsection.5.1.1}% 62
\BOOKMARK [2][-]{subsection.5.1.2}{Regression Models}{section.5.1}% 63
\BOOKMARK [2][-]{subsection.5.1.3}{Predictive Models}{section.5.1}% 64
\BOOKMARK [2][-]{subsection.5.1.4}{Generative Models}{section.5.1}% 65
\BOOKMARK [2][-]{subsection.5.1.5}{Hybrid Models}{section.5.1}% 66
\BOOKMARK [2][-]{subsection.5.1.6}{Probabilistic Models}{section.5.1}% 67
\BOOKMARK [2][-]{subsection.5.1.7}{Neural Models}{section.5.1}% 68
\BOOKMARK [1][-]{section.5.2}{Pattern, pattern recognition models and anomalies}{chapter.5}% 69
\BOOKMARK [2][-]{subsection.5.2.1}{Pattern}{section.5.2}% 70
\BOOKMARK [2][-]{subsection.5.2.2}{Model}{section.5.2}% 71
\BOOKMARK [0][-]{chapter.6}{From memory to Remembering}{}% 72
\BOOKMARK [1][-]{section.6.1}{Memory}{chapter.6}% 73
\BOOKMARK [1][-]{section.6.2}{Memory Architectures for Robots}{chapter.6}% 74
\BOOKMARK [1][-]{section.6.3}{Remembering and recalling}{chapter.6}% 75
\BOOKMARK [1][-]{section.6.4}{Models for Remembering}{chapter.6}% 76
\BOOKMARK [2][-]{subsection.6.4.1}{Remembering from Current Sensory Observations}{section.6.4}% 77
\BOOKMARK [3][-]{section*.4}{Models Requiring Sensory Sequences}{subsection.6.4.1}% 78
\BOOKMARK [3][-]{section*.4}{Models Requiring Single Sensory Observations}{subsection.6.4.1}% 79
\BOOKMARK [2][-]{subsection.6.4.2}{Internally Triggered Remembering}{section.6.4}% 80
\BOOKMARK [1][-]{section.6.5}{Questions}{chapter.6}% 81
\BOOKMARK [0][-]{chapter.7}{Unifying Frameworks for Perception, Action, and Learning in Robotics or Integrated Robotic Intelligence}{}% 82
\BOOKMARK [1][-]{section.7.1}{Overview of Frameworks}{chapter.7}% 83
\BOOKMARK [2][-]{subsection.7.1.1}{Reinforcement Learning and Hierarchical Extensions}{section.7.1}% 84
\BOOKMARK [2][-]{subsection.7.1.2}{Sensorimotor and Embodied Intelligence Frameworks}{section.7.1}% 85
\BOOKMARK [2][-]{subsection.7.1.3}{Bayesian Brain and Active Inference}{section.7.1}% 86
\BOOKMARK [2][-]{subsection.7.1.4}{Damasio\220s Emotional and Embodied Cognition}{section.7.1}% 87
\BOOKMARK [2][-]{subsection.7.1.5}{Haykin\220s Cognitive Dynamic Systems}{section.7.1}% 88
\BOOKMARK [2][-]{subsection.7.1.6}{End-to-End Deep Learning Frameworks}{section.7.1}% 89
\BOOKMARK [2][-]{subsection.7.1.7}{Neuro-Symbolic Integration Frameworks}{section.7.1}% 90
\BOOKMARK [2][-]{subsection.7.1.8}{Predictive Coding Frameworks}{section.7.1}% 91
\BOOKMARK [2][-]{subsection.7.1.9}{Multi-Agent Reinforcement Learning \(MARL\)}{section.7.1}% 92
\BOOKMARK [2][-]{subsection.7.1.10}{Integration of Frameworks}{section.7.1}% 93
\BOOKMARK [1][-]{section.7.2}{Suggested model}{chapter.7}% 94
\BOOKMARK [0][-]{chapter.8}{From Awareness to Consciousness}{}% 95
\BOOKMARK [1][-]{section.8.1}{\(Sensory\) Data}{chapter.8}% 96
\BOOKMARK [1][-]{section.8.2}{Awareness}{chapter.8}% 97
\BOOKMARK [1][-]{section.8.3}{Intelligence}{chapter.8}% 98
\BOOKMARK [1][-]{section.8.4}{Cognition}{chapter.8}% 99
\BOOKMARK [2][-]{subsection.8.4.1}{Cognitive model}{section.8.4}% 100
\BOOKMARK [2][-]{subsection.8.4.2}{Dynamic cognitive systems and robots}{section.8.4}% 101
\BOOKMARK [2][-]{subsection.8.4.3}{Cognitive architectures}{section.8.4}% 102
\BOOKMARK [3][-]{section*.5}{Review Papers on Cognitive Architectures:}{subsection.8.4.3}% 103
\BOOKMARK [3][-]{section*.5}{Most famous cognitive architectures}{subsection.8.4.3}% 104
